POST /home HTTP/1.1
Host: localhost:8001
Connection: keep-alive
Content-Length: 314
Cache-Control: max-age=0
sec-ch-ua: "Google Chrome";v="107", "Chromium";v="107", "Not=A?Brand";v="24"
sec-ch-ua-mobile: ?0
sec-ch-ua-platform: "macOS"
Upgrade-Insecure-Requests: 1
Origin: http://localhost:8001
Content-Type: multipart/form-data; boundary=----WebKitFormBoundaryVYncF6htZ1PRPaoH
User-Agent: Mozilla/5.0 (Macintosh; Intel Mac OS X 10_14_6) AppleWebKit/537.36 (KHTML, like Gecko) Chrome/107.0.0.0 Safari/537.36
Accept: text/html,application/xhtml+xml,application/xml;q=0.9,image/avif,image/webp,image/apng,*/*;q=0.8,application/signed-exchange;v=b3;q=0.9
Sec-Fetch-Site: same-origin
Sec-Fetch-Mode: navigate
Sec-Fetch-User: ?1
Sec-Fetch-Dest: document
Referer: http://localhost:8001/uploadfile
Accept-Encoding: gzip, deflate, br
Accept-Language: en-US,en;q=0.9

------WebKitFormBoundaryVYncF6htZ1PRPaoH
Content-Disposition: form-data; name="fileToUpload"; filename="text.txt"
Content-Type: text/plain

Haaaallloooo

doei.

------WebKitFormBoundaryVYncF6htZ1PRPaoH
Content-Disposition: form-data; name="submit"

Upload File
------WebKitFormBoundaryVYncF6htZ1PRPaoH--
